<?xml version="1.0" encoding="UTF-8"?>
<testng-results skipped="0" failed="0" total="1" passed="1">
  <reporter-output>
  </reporter-output>
  <suite name="Default suite" duration-ms="8894" started-at="2016-01-25T21:24:46Z" finished-at="2016-01-25T21:24:55Z">
    <groups>
    </groups>
    <test name="Default test" duration-ms="8894" started-at="2016-01-25T21:24:46Z" finished-at="2016-01-25T21:24:55Z">
      <class name="shopSuite.CheckProductDisplay">
        <test-method status="PASS" signature="checkSuiteSkipTest()[pri:0, instance:shopSuite.CheckProductDisplay@2d10dd87]" name="checkSuiteSkipTest" is-config="true" duration-ms="1115" started-at="2016-01-26T02:54:45Z" finished-at="2016-01-26T02:54:46Z">
          <reporter-output>
          </reporter-output>
        </test-method> <!-- checkSuiteSkipTest -->
        <test-method status="PASS" signature="checkTestcaseSkip()[pri:0, instance:shopSuite.CheckProductDisplay@2d10dd87]" name="checkTestcaseSkip" is-config="true" duration-ms="0" started-at="2016-01-26T02:54:46Z" finished-at="2016-01-26T02:54:46Z">
          <reporter-output>
          </reporter-output>
        </test-method> <!-- checkTestcaseSkip -->
        <test-method status="PASS" signature="testcaseA2()[pri:0, instance:shopSuite.CheckProductDisplay@2d10dd87]" name="testcaseA2" duration-ms="8873" started-at="2016-01-26T02:54:46Z" finished-at="2016-01-26T02:54:55Z">
          <reporter-output>
          </reporter-output>
        </test-method> <!-- testcaseA2 -->
      </class> <!-- shopSuite.CheckProductDisplay -->
    </test> <!-- Default test -->
  </suite> <!-- Default suite -->
</testng-results>
