<?xml version="1.0" encoding="UTF-8"?>
<!-- Generated by org.testng.reporters.JUnitXMLReporter -->
<testsuite hostname="Rupjit-VAIO" name="Test B1" tests="1" failures="1" timestamp="23 Jan 2016 21:10:04 GMT" time="0.005" errors="0">
  <testcase name="@BeforeTest checkTestcaseSkip" time="0.0" classname="cartSuite.AddProductTest">
    <skipped/>
  </testcase> <!-- @BeforeTest checkTestcaseSkip -->
  <testcase name="@AfterTest reportTestcaseResult" time="0.0" classname="cartSuite.AddProductTest">
    <skipped/>
  </testcase> <!-- @AfterTest reportTestcaseResult -->
  <testcase name="testcaseB2" time="0.005" classname="cartSuite.AddProductTest">
    <failure type="org.testng.TestNGException" message="
The data provider is trying to pass 0 parameters but the method cartSuite.AddProductTest#testcaseB2 takes 4 and TestNG is unable in inject a suitable object">
      <![CDATA[org.testng.TestNGException: 
The data provider is trying to pass 0 parameters but the method cartSuite.AddProductTest#testcaseB2 takes 4 and TestNG is unable in inject a suitable object
Caused by: java.lang.ArrayIndexOutOfBoundsException: 0
	... 18 more
... Removed 20 stack frames]]>
    </failure>
  </testcase> <!-- testcaseB2 -->
</testsuite> <!-- Test B1 -->
