<?xml version="1.0" encoding="UTF-8"?>
<!-- Generated by org.testng.reporters.JUnitXMLReporter -->
<testsuite hostname="Rupjit-VAIO" name="AddProductTest" tests="3" failures="0" timestamp="23 Jan 2016 21:41:58 GMT" time="0.645" errors="0">
  <testcase name="testcaseA1" time="0.01" classname="shopSuite.AddProductTest"/>
  <testcase name="testcaseA1" time="0.005" classname="shopSuite.AddProductTest"/>
  <testcase name="testcaseA1" time="0.0" classname="shopSuite.AddProductTest"/>
</testsuite> <!-- AddProductTest -->
